<?xml version="1.0" encoding="UTF-8"?>
<!-- Generated by org.testng.reporters.JUnitReportReporter -->
<testsuite hostname="DESKTOP-LRGKF4F" failures="0" tests="1" name="tests.TestHomePage" time="9.584" errors="0" timestamp="2022-10-14T16:01:09 CEST" skipped="0">
  <testcase classname="tests.TestHomePage" name="addToShoping" time="9.584"/>
  <system-out/>
</testsuite> <!-- tests.TestHomePage -->
