<?xml version="1.0" encoding="UTF-8"?>
<!-- Generated by org.testng.reporters.JUnitReportReporter -->
<testsuite hostname="DESKTOP-LRGKF4F" failures="0" tests="5" name="tests.TestIncorrectPasswords" time="38.140" errors="0" timestamp="2022-10-14T16:01:09 CEST" skipped="0">
  <testcase classname="tests.TestIncorrectPasswords" name="testInvalidLogin" time="7.771"/>
  <system-out/>
  <testcase classname="tests.TestIncorrectPasswords" name="testInvalidLogin" time="7.819"/>
  <system-out/>
  <testcase classname="tests.TestIncorrectPasswords" name="testInvalidLogin" time="7.759"/>
  <system-out/>
  <testcase classname="tests.TestIncorrectPasswords" name="testInvalidLogin" time="7.783"/>
  <system-out/>
  <testcase classname="tests.TestIncorrectPasswords" name="testInvalidLogin" time="7.008"/>
  <system-out/>
</testsuite> <!-- tests.TestIncorrectPasswords -->
